make all --print-data-base --no-builtin-variables --no-builtin-rules --question
make: *** No rule to make target 'all'.  Stop.

# GNU Make 4.3
# Built for x86_64-pc-linux-gnu
# Copyright (C) 1988-2020 Free Software Foundation, Inc.
# License GPLv3+: GNU GPL version 3 or later <http://gnu.org/licenses/gpl.html>
# This is free software: you are free to change and redistribute it.
# There is NO WARRANTY, to the extent permitted by law.

# Make data base, printed on Sun Aug  7 14:16:12 2022

# Variables

# environment
GO111MODULE = on
# environment
JAVA_HOME = /usr/lib/jvm/TencentKona-11.0.13.b1
# environment
LC_ALL = C
# environment
VSCODE_CWD = /root
# environment
JMETER = /usr/local/apache-jmeter-5.4.3
# environment
TST_HACK_BASH_SESSION_ID = 137698311357975
# default
MAKE_COMMAND := make
# environment
VSCODE_HANDLES_SIGPIPE = true
# automatic
@D = $(patsubst %/,%,$(dir $@))
# environment
VSCODE_HANDLES_UNCAUGHT_ERRORS = true
# default
.VARIABLES := 
# environment
PWD = /data/home/noahyzhang/cplus_project/libevent-cpp
# automatic
%D = $(patsubst %/,%,$(dir $%))
# environment
HOSTNAME = 9-134-239-95
# environment
LSCOLORS = Gxfxcxdxbxegedabagacad
# environment
MAIL = /var/spool/mail/root
# automatic
^D = $(patsubst %/,%,$(dir $^))
# environment
VSCODE_LOG_STACK = false
# automatic
%F = $(notdir $%)
# environment
LANG = C
# default
.LOADED := 
# default
.INCLUDE_DIRS = /usr/local/make/include /usr/local/include /usr/include
# makefile
MAKEFLAGS = pqrR
# makefile
CURDIR := /data/home/noahyzhang/cplus_project/libevent-cpp
# environment
VSCODE_PIPE_LOGGING = true
# environment
SPARK_HOME = /usr/local/spark
# environment
APPLICATION_INSIGHTS_NO_DIAGNOSTIC_CHANNEL = true
# environment
LESSOPEN = ||/usr/bin/lesspipe.sh %s
# automatic
*D = $(patsubst %/,%,$(dir $*))
# environment
TAW_WEB_ES_CONNECT_ADDRESS = ["http://9.218.16.107:9200"]
# environment
MFLAGS = -pqrR
# default
.SHELLFLAGS := -c
# environment
HISTSIZE = 3000
# automatic
+D = $(patsubst %/,%,$(dir $+))
# makefile
MAKEFILE_LIST := 
# automatic
@F = $(notdir $@)
# environment
ZSH = /root/.oh-my-zsh
# environment
VSCODE_VERBOSE_LOGGING = true
# automatic
?D = $(patsubst %/,%,$(dir $?))
# automatic
*F = $(notdir $*)
# automatic
<D = $(patsubst %/,%,$(dir $<))
# environment
VSCODE_NLS_CONFIG = {"locale":"zh-cn","availableLanguages":{"*":"zh-cn"},"_languagePackId":"bbca1a7059cee8a1b93da8947fee1c4f.zh-cn","_translationsConfigFile":"/root/.vscode-server/data/clp/bbca1a7059cee8a1b93da8947fee1c4f.zh-cn/tcf.json","_cacheRoot":"/root/.vscode-server/data/clp/bbca1a7059cee8a1b93da8947fee1c4f.zh-cn","_resolvedLanguagePackCoreLocation":"/root/.vscode-server/data/clp/bbca1a7059cee8a1b93da8947fee1c4f.zh-cn/30d9c6cd9483b2cc586687151bcbcd635f373630","_corruptedFile":"/root/.vscode-server/data/clp/bbca1a7059cee8a1b93da8947fee1c4f.zh-cn/corrupted.info","_languagePackSupport":true}
# default
MAKE_HOST := x86_64-pc-linux-gnu
# makefile
SHELL = /bin/sh
# environment
CLASSPATH = /usr/local/apache-jmeter-5.4.3/lib/ext/ApacheJMeter_core.jar:/usr/local/apache-jmeter-5.4.3/lib/jorphan.jar:/usr/local/apache-jmeter-5.4.3/lib/logkit-2.0.jar:.:/usr/lib/jvm/TencentKona-11.0.13.b1/lib
# default
MAKECMDGOALS := all
# environment
SHLVL = 3
# environment
MAKELEVEL := 0
# default
MAKE = $(MAKE_COMMAND)
# environment
PATH = /root/.vscode-server/bin/30d9c6cd9483b2cc586687151bcbcd635f373630/bin/remote-cli:/usr/local/spark/bin:/usr/local/apache-jmeter-5.4.3/bin/:/usr/lib/jvm/TencentKona-11.0.13.b1/bin::/path/myenv/mysql5.6/bin:/usr/local/spark/bin:/usr/local/apache-jmeter-5.4.3/bin/:/usr/lib/jvm/TencentKona-11.0.13.b1/bin::/path/myenv/mysql5.6/bin:/usr/lib64/ccache:/usr/local/sbin:/usr/local/bin:/usr/sbin:/usr/bin:/root/bin:/root/go/bin:/usr/local/apache-maven-3.8.2/bin:/usr/local/elasticsearch-7.6.2/bin:/usr/local/kibana-7.6.2-linux-x86_64/bin:/data1/path/myenv/mysql5.6/bin:/usr/local/perf-tools/bin:/root/.local/share/coursier/bin:/root/.local/share/coursier/bin:/root/.ft:/root/go/bin:/usr/local/apache-maven-3.8.2/bin:/usr/local/elasticsearch-7.6.2/bin:/usr/local/kibana-7.6.2-linux-x86_64/bin:/data1/path/myenv/mysql5.6/bin:/usr/local/perf-tools/bin:/root/.local/share/coursier/bin
# default
MAKEFILES := 
# automatic
^F = $(notdir $^)
# environment
SSH_CLIENT = 10.21.19.11 49852 36000
# environment
VSCODE_LOG_NATIVE = false
# automatic
?F = $(notdir $?)
# environment
LS_COLORS = 
# automatic
+F = $(notdir $+)
# environment
LESS = -R
# 'override' directive
GNUMAKEFLAGS := 
# environment
BROWSER = /root/.vscode-server/bin/30d9c6cd9483b2cc586687151bcbcd635f373630/bin/helpers/browser.sh
# environment
LOGNAME = root
# makefile
.DEFAULT_GOAL := 
# environment
HISTCONTROL = ignoredups
# environment
USER = root
# default
MAKE_VERSION := 4.3
# environment
VSCODE_EXTHOST_WILL_SEND_SOCKET = true
# environment
TAW_WEB_ES_AUTH_PASSWORD = rum_app2021
# environment
CVS_RSH = ssh
# environment
PAGER = less
# environment
VSCODE_AGENT_FOLDER = /root/.vscode-server
# environment
_ = /usr/bin/make
# environment
M2_HOME = /usr/local/apache-maven-3.8.2
# environment
VSCODE_IPC_HOOK_CLI = /tmp/vscode-ipc-ab4a18b3-a5ef-4c13-944b-28436f13c3c9.sock
# environment
VSCODE_AMD_ENTRYPOINT = vs/workbench/api/node/extensionHostProcess
# environment
HOME = /root
# default
.RECIPEPREFIX := 
# automatic
<F = $(notdir $<)
# default
SUFFIXES := 
# default
.FEATURES := target-specific order-only second-expansion else-if shortest-stem undefine oneshell nocomment grouped-target extra-prereqs archives jobserver output-sync check-symlink load
# environment
TAW_WEB_ES_AUTH_USER = elastic
# environment
SSH_CONNECTION = 10.21.19.11 49852 9.134.239.95 36000
# variable set hash-table stats:
# Load=81/1024=8%, Rehash=0, Collisions=5/108=5%

# Pattern-specific Variable Values

# No pattern-specific variable values.

# Directories

# . (device 64529, inode 3541647): 6 files, no impossibilities.

# 6 files, no impossibilities in 1 directories.

# Implicit Rules

# No implicit rules.

# Files

# Not a target:
Makefile:
#  Implicit rule search has been done.
#  File does not exist.
#  File has been updated.
#  Failed to be updated.

# Not a target:
.DEFAULT:
#  Implicit rule search has not been done.
#  Modification time never checked.
#  File has not been updated.

# Not a target:
all:
 
#  Command line target.
#  Implicit rule search has been done.
#  File does not exist.
#  File has not been updated.

# Not a target:
makefile:
#  Implicit rule search has been done.
#  File does not exist.
#  File has been updated.
#  Failed to be updated.

# Not a target:
GNUmakefile:
#  Implicit rule search has been done.
#  File does not exist.
#  File has been updated.
#  Failed to be updated.

# files hash-table stats:
# Load=6/1024=1%, Rehash=0, Collisions=0/15=0%
# VPATH Search Paths

# No 'vpath' search paths.

# No general ('VPATH' variable) search path.

# strcache buffers: 1 (0) / strings = 15 / storage = 146 B / avg = 9 B
# current buf: size = 8162 B / used = 146 B / count = 15 / avg = 9 B

# strcache performance: lookups = 17 / hit rate = 11%
# hash-table stats:
# Load=15/8192=0%, Rehash=0, Collisions=0/17=0%
# Finished Make data base on Sun Aug  7 14:16:12 2022

 
